2025-02-26 11:56:40 - app - INFO - Starting Uvicorn server
2025-02-26 11:56:40 - app - INFO - Starting CADESP IE API
2025-02-26 11:56:40 - app - INFO - Initializing FastAPI application
2025-02-26 11:57:13 - app - INFO - Request: GET /api/v1/ie/32530320000140 - Status: 500 - Client: 127.0.0.1 - Time: 22.04s
2025-02-26 11:59:27 - app - INFO - Shutting down CADESP IE API
2025-02-26 11:59:27 - app - INFO - Starting CADESP IE API
2025-02-26 11:59:27 - app - INFO - Initializing FastAPI application
2025-02-26 11:59:37 - app - INFO - Request: GET /api/v1/ie/32530320000140 - Status: 500 - Client: 127.0.0.1 - Time: 0.00s
2025-02-26 11:59:47 - app - INFO - Shutting down CADESP IE API
2025-02-26 12:48:02 - app - INFO - Starting Uvicorn server
2025-02-26 12:48:02 - app - INFO - Starting CADESP IE API
2025-02-26 12:48:02 - app - INFO - Initializing FastAPI application
2025-02-26 12:48:22 - app - INFO - Request: GET /api/v1/ie/32530320000140 - Status: 500 - Client: 127.0.0.1 - Time: 0.00s
2025-02-26 12:49:34 - app - INFO - Shutting down CADESP IE API
2025-02-26 12:49:34 - app - INFO - Starting CADESP IE API
2025-02-26 12:49:34 - app - INFO - Initializing FastAPI application
2025-02-26 12:49:50 - app - INFO - Shutting down CADESP IE API
2025-02-26 12:49:50 - app - INFO - Starting CADESP IE API
2025-02-26 12:49:50 - app - INFO - Initializing FastAPI application
2025-02-26 12:49:56 - app - INFO - Request: GET /api/v1/ie/32530320000140 - Status: 500 - Client: 127.0.0.1 - Time: 0.00s
2025-02-26 12:50:10 - app - INFO - Shutting down CADESP IE API
2025-02-26 12:50:11 - app - INFO - Starting CADESP IE API
2025-02-26 12:50:11 - app - INFO - Initializing FastAPI application
2025-02-26 12:50:49 - app - INFO - Request: GET /api/v1/ie/32530320000140 - Status: 500 - Client: 127.0.0.1 - Time: 22.44s
2025-02-26 12:56:50 - app - INFO - Shutting down CADESP IE API
2025-02-26 12:56:51 - app - INFO - Starting CADESP IE API
2025-02-26 12:56:51 - app - INFO - Initializing FastAPI application
2025-02-26 12:57:23 - app - INFO - Shutting down CADESP IE API
2025-02-26 12:57:23 - app - INFO - Starting CADESP IE API
2025-02-26 12:57:23 - app - INFO - Initializing FastAPI application
2025-02-26 13:00:55 - app - INFO - Shutting down CADESP IE API
2025-02-26 13:00:56 - app - INFO - Starting CADESP IE API
2025-02-26 13:00:56 - app - INFO - Initializing FastAPI application
2025-02-26 13:01:37 - app - INFO - Shutting down CADESP IE API
2025-02-26 13:01:38 - app - INFO - Starting CADESP IE API
2025-02-26 13:01:38 - app - INFO - Initializing FastAPI application
2025-02-26 13:03:50 - app - INFO - Request: GET /api/v1/ie/32530320000140 - Status: 500 - Client: 127.0.0.1 - Time: 7.05s
2025-02-26 13:08:19 - app - INFO - Shutting down CADESP IE API
2025-02-26 13:08:19 - app - INFO - Starting CADESP IE API
2025-02-26 13:08:19 - app - INFO - Initializing FastAPI application
2025-02-26 13:09:07 - app - INFO - Shutting down CADESP IE API
2025-02-26 13:09:41 - app - INFO - Starting CADESP IE API
2025-02-26 13:09:41 - app - INFO - Initializing FastAPI application
2025-02-26 13:48:22 - app - INFO - Request: GET /api/v1/ie/32530320000140 - Status: 500 - Client: 127.0.0.1 - Time: 4.35s
2025-02-26 13:52:38 - app - INFO - Shutting down CADESP IE API
2025-02-26 13:52:39 - app - INFO - Starting CADESP IE API
2025-02-26 13:52:39 - app - INFO - Initializing FastAPI application
2025-02-26 13:53:11 - app - INFO - Shutting down CADESP IE API
2025-02-26 13:53:11 - app - INFO - Starting CADESP IE API
2025-02-26 13:53:11 - app - INFO - Initializing FastAPI application
2025-02-26 13:53:55 - app - INFO - Request: GET /api/v1/ie/32530320000140 - Status: 500 - Client: 127.0.0.1 - Time: 5.81s
2025-02-26 13:57:21 - app - INFO - Shutting down CADESP IE API
2025-02-26 13:57:21 - app - INFO - Starting CADESP IE API
2025-02-26 13:57:21 - app - INFO - Initializing FastAPI application
2025-02-26 13:57:32 - app - INFO - Shutting down CADESP IE API
2025-02-26 13:57:33 - app - INFO - Starting CADESP IE API
2025-02-26 13:57:33 - app - INFO - Initializing FastAPI application
2025-02-26 13:57:51 - app - INFO - Shutting down CADESP IE API
2025-02-26 13:57:52 - app - INFO - Starting CADESP IE API
2025-02-26 13:57:52 - app - INFO - Initializing FastAPI application
2025-02-26 14:06:43 - app - INFO - Shutting down CADESP IE API
2025-02-26 14:06:44 - app - INFO - Starting CADESP IE API
2025-02-26 14:06:44 - app - INFO - Initializing FastAPI application
2025-02-26 14:07:03 - app - INFO - Shutting down CADESP IE API
2025-02-26 14:07:03 - app - INFO - Starting CADESP IE API
2025-02-26 14:07:03 - app - INFO - Initializing FastAPI application
2025-02-26 14:11:10 - app - INFO - Shutting down CADESP IE API
2025-02-26 14:11:11 - app - INFO - Starting CADESP IE API
2025-02-26 14:11:11 - app - INFO - Initializing FastAPI application
2025-02-26 14:12:05 - app - INFO - Request: GET /api/v1/ie/32530320000140 - Status: 500 - Client: 127.0.0.1 - Time: 3.76s
2025-02-26 14:13:29 - app - INFO - Shutting down CADESP IE API
2025-02-26 14:13:29 - app - INFO - Starting CADESP IE API
2025-02-26 14:13:29 - app - INFO - Initializing FastAPI application
2025-02-26 14:13:52 - app - INFO - Request: GET /api/v1/ie/32530320000140 - Status: 500 - Client: 127.0.0.1 - Time: 3.72s
2025-02-26 14:14:00 - app - INFO - Shutting down CADESP IE API
2025-02-26 14:14:00 - app - INFO - Starting CADESP IE API
2025-02-26 14:14:00 - app - INFO - Initializing FastAPI application
2025-02-26 14:14:17 - app - INFO - Shutting down CADESP IE API
2025-02-26 14:14:17 - app - INFO - Starting CADESP IE API
2025-02-26 14:14:17 - app - INFO - Initializing FastAPI application
2025-02-26 14:18:44 - app - INFO - Starting Uvicorn server
2025-02-26 14:18:44 - app - INFO - Starting CADESP IE API
2025-02-26 14:18:44 - app - INFO - Initializing FastAPI application
2025-02-26 14:18:52 - app - INFO - Request: GET /api/v1/ie/32530320000140 - Status: 500 - Client: 127.0.0.1 - Time: 3.65s
2025-02-26 14:22:46 - app - INFO - Shutting down CADESP IE API
2025-02-26 14:22:46 - app - INFO - Starting CADESP IE API
2025-02-26 14:22:46 - app - INFO - Initializing FastAPI application
2025-02-26 14:23:14 - app - INFO - Shutting down CADESP IE API
2025-02-26 14:23:14 - app - INFO - Starting CADESP IE API
2025-02-26 14:23:14 - app - INFO - Initializing FastAPI application
2025-02-26 14:24:03 - app - INFO - Request: GET /api/v1/ie/32530320000140 - Status: 500 - Client: 127.0.0.1 - Time: 10.69s
2025-02-26 14:30:45 - app - INFO - Shutting down CADESP IE API
2025-02-26 14:30:45 - app - INFO - Starting CADESP IE API
2025-02-26 14:30:45 - app - INFO - Initializing FastAPI application
2025-02-26 14:31:05 - app - INFO - Shutting down CADESP IE API
2025-02-26 14:31:34 - app - INFO - Starting CADESP IE API
2025-02-26 14:31:34 - app - INFO - Initializing FastAPI application
2025-02-26 14:32:36 - app - INFO - Shutting down CADESP IE API
2025-02-26 14:32:36 - app - INFO - Starting CADESP IE API
2025-02-26 14:32:36 - app - INFO - Initializing FastAPI application
2025-02-26 15:41:59 - app - INFO - Request: GET /api/v1/ie/32530320000140 - Status: 500 - Client: 127.0.0.1 - Time: 29.67s
2025-02-26 15:45:44 - app - INFO - Shutting down CADESP IE API
2025-02-26 15:45:45 - app - INFO - Starting CADESP IE API
2025-02-26 15:45:45 - app - INFO - Initializing FastAPI application
2025-02-26 15:46:27 - app - INFO - Shutting down CADESP IE API
2025-02-26 15:46:27 - app - INFO - Starting CADESP IE API
2025-02-26 15:46:27 - app - INFO - Initializing FastAPI application
2025-02-26 15:46:53 - app - INFO - Shutting down CADESP IE API
2025-02-26 15:46:53 - app - INFO - Starting CADESP IE API
2025-02-26 15:46:53 - app - INFO - Initializing FastAPI application
2025-02-26 15:47:02 - app - INFO - Shutting down CADESP IE API
2025-02-26 15:47:03 - app - INFO - Starting CADESP IE API
2025-02-26 15:47:03 - app - INFO - Initializing FastAPI application
2025-02-26 15:47:57 - app - INFO - Request: GET /api/v1/ie/32530320000140 - Status: 500 - Client: 127.0.0.1 - Time: 27.23s
2025-02-26 15:49:00 - app - INFO - Shutting down CADESP IE API
2025-02-26 15:49:00 - app - INFO - Starting CADESP IE API
2025-02-26 15:49:00 - app - INFO - Initializing FastAPI application
2025-02-26 15:49:50 - app - INFO - Request: GET /api/v1/ie/32530320000140 - Status: 500 - Client: 127.0.0.1 - Time: 27.18s
2025-02-26 16:00:09 - app - INFO - Shutting down CADESP IE API
2025-02-26 16:13:51 - app - INFO - Starting CADESP IE API
2025-02-26 16:13:51 - app - INFO - Initializing FastAPI application
2025-02-26 16:14:20 - app - INFO - Shutting down CADESP IE API
2025-02-26 16:16:15 - app - INFO - Starting CADESP IE API
2025-02-26 16:16:15 - app - INFO - Initializing FastAPI application
2025-02-26 16:17:07 - app - INFO - Shutting down CADESP IE API
2025-02-26 16:17:07 - app - INFO - Starting CADESP IE API
2025-02-26 16:17:07 - app - INFO - Initializing FastAPI application
2025-02-26 16:18:10 - app - INFO - Shutting down CADESP IE API
2025-02-26 16:18:11 - app - INFO - Starting CADESP IE API
2025-02-26 16:18:11 - app - INFO - Initializing FastAPI application
2025-02-26 16:20:45 - app - INFO - Request: GET /api/v1/ie/32530320000140 - Status: 500 - Client: 127.0.0.1 - Time: 40.46s
2025-02-26 16:28:43 - app - INFO - Shutting down CADESP IE API
2025-02-26 16:28:44 - app - INFO - Starting CADESP IE API
2025-02-26 16:28:44 - app - INFO - Initializing FastAPI application
2025-02-26 16:29:33 - app - INFO - Shutting down CADESP IE API
2025-02-26 16:29:34 - app - INFO - Starting CADESP IE API
2025-02-26 16:29:34 - app - INFO - Initializing FastAPI application
2025-02-26 16:30:19 - app - INFO - Request: GET /api/v1/ie/32530320000140 - Status: 500 - Client: 127.0.0.1 - Time: 37.08s
2025-02-26 16:30:19 - app - INFO - Shutting down CADESP IE API
2025-02-26 16:30:20 - app - INFO - Starting CADESP IE API
2025-02-26 16:30:20 - app - INFO - Initializing FastAPI application
2025-02-26 16:30:35 - app - INFO - Shutting down CADESP IE API
2025-02-26 16:30:36 - app - INFO - Starting CADESP IE API
2025-02-26 16:30:36 - app - INFO - Initializing FastAPI application
2025-02-26 16:31:05 - app - INFO - Shutting down CADESP IE API
2025-02-26 16:31:05 - app - INFO - Starting CADESP IE API
2025-02-26 16:31:05 - app - INFO - Initializing FastAPI application
2025-02-26 16:31:31 - app - INFO - Shutting down CADESP IE API
2025-02-26 16:31:31 - app - INFO - Starting CADESP IE API
2025-02-26 16:31:31 - app - INFO - Initializing FastAPI application
2025-02-26 16:32:07 - app - INFO - Shutting down CADESP IE API
2025-02-26 16:32:08 - app - INFO - Starting CADESP IE API
2025-02-26 16:32:08 - app - INFO - Initializing FastAPI application
2025-02-26 16:35:13 - app - INFO - Shutting down CADESP IE API
2025-02-26 16:35:14 - app - INFO - Starting CADESP IE API
2025-02-26 16:35:14 - app - INFO - Initializing FastAPI application
2025-02-26 16:35:56 - app - INFO - Shutting down CADESP IE API
2025-02-26 16:35:57 - app - INFO - Starting CADESP IE API
2025-02-26 16:35:57 - app - INFO - Initializing FastAPI application
2025-02-26 16:36:29 - app - INFO - Shutting down CADESP IE API
2025-02-26 16:36:29 - app - INFO - Starting CADESP IE API
2025-02-26 16:36:29 - app - INFO - Initializing FastAPI application
2025-02-26 16:40:12 - app - INFO - Request: GET /api/v1/ie/32530320000140 - Status: 200 - Client: 127.0.0.1 - Time: 68.07s
